<?xml version="1.0" encoding="UTF-8"?>
<!-- Generated by org.testng.reporters.JUnitXMLReporter -->
<testsuite ignored="2" hostname="GOPIKA" failures="0" tests="1" name="Default test" time="110.342" errors="0" timestamp="2024-08-10T12:58:07 IST">
  <testcase classname="com.comcast.crm.OrgTest.CreateOrganizatonTest" name="createOrgTest" time="31.056"/>
  <testcase classname="com.comcast.crm.OrgTest.CreateOrganizatonTest" name="createOrgWithIndustries" time="0.0">
    <ignored/>
  </testcase> <!-- createOrgWithIndustries -->
  <testcase classname="com.comcast.crm.OrgTest.CreateOrganizatonTest" name="createOrgWithPhoneNumber" time="0.0">
    <ignored/>
  </testcase> <!-- createOrgWithPhoneNumber -->
</testsuite> <!-- Default test -->
