<?xml version="1.0" encoding="UTF-8"?>
<!-- Generated by org.testng.reporters.JUnitXMLReporter -->
<testsuite ignored="2" hostname="GOPIKA" failures="0" tests="1" name="Test" time="11.756" errors="0" timestamp="2024-08-09T07:09:56 IST">
  <testcase classname="com.comcast.crm.OrgTest.CreateOrganizatonTest" name="createOrgTest" time="6.25"/>
  <testcase classname="com.comcast.crm.OrgTest.CreateOrganizatonTest" name="createOrgWithPhoneNumber" time="0.0">
    <ignored/>
  </testcase> <!-- createOrgWithPhoneNumber -->
  <testcase classname="com.comcast.crm.OrgTest.CreateOrganizatonTest" name="createOrgWithIndustries" time="0.0">
    <ignored/>
  </testcase> <!-- createOrgWithIndustries -->
</testsuite> <!-- Test -->
