<?xml version="1.0" encoding="UTF-8"?>
<testng-results ignored="2" total="3" passed="1" failed="0" skipped="0">
  <reporter-output>
  </reporter-output>
  <suite started-at="2024-08-10T12:56:17 IST" name="Default suite" finished-at="2024-08-10T12:58:07 IST" duration-ms="110342">
    <groups>
      <group name="ST">
        <method signature="CreateOrganizatonTest.createOrgTest()[pri:0, instance:com.comcast.crm.OrgTest.CreateOrganizatonTest@496bc455]" name="createOrgTest" class="com.comcast.crm.OrgTest.CreateOrganizatonTest"/>
      </group> <!-- ST -->
    </groups>
    <test started-at="2024-08-10T12:56:17 IST" name="Default test" finished-at="2024-08-10T12:58:07 IST" duration-ms="110342">
      <class name="com.comcast.crm.OrgTest.CreateOrganizatonTest">
        <test-method is-config="true" signature="configBS()[pri:0, instance:com.comcast.crm.OrgTest.CreateOrganizatonTest@496bc455]" started-at="2024-08-10T12:56:05 IST" name="configBS" finished-at="2024-08-10T12:56:17 IST" duration-ms="12133" status="PASS">
          <reporter-output>
          </reporter-output>
        </test-method> <!-- configBS -->
        <test-method is-config="true" signature="configBC()[pri:0, instance:com.comcast.crm.OrgTest.CreateOrganizatonTest@496bc455]" started-at="2024-08-10T12:56:17 IST" name="configBC" finished-at="2024-08-10T12:56:48 IST" duration-ms="31217" status="PASS">
          <reporter-output>
          </reporter-output>
        </test-method> <!-- configBC -->
        <test-method is-config="true" signature="configBM()[pri:0, instance:com.comcast.crm.OrgTest.CreateOrganizatonTest@496bc455]" started-at="2024-08-10T12:56:48 IST" name="configBM" finished-at="2024-08-10T12:57:04 IST" duration-ms="16014" status="PASS">
          <reporter-output>
          </reporter-output>
        </test-method> <!-- configBM -->
        <test-method signature="createOrgTest()[pri:0, instance:com.comcast.crm.OrgTest.CreateOrganizatonTest@496bc455]" started-at="2024-08-10T12:57:04 IST" name="createOrgTest" finished-at="2024-08-10T12:57:35 IST" duration-ms="31056" status="PASS">
          <reporter-output>
          </reporter-output>
        </test-method> <!-- createOrgTest -->
        <test-method is-config="true" signature="configAM()[pri:0, instance:com.comcast.crm.OrgTest.CreateOrganizatonTest@496bc455]" started-at="2024-08-10T12:57:35 IST" name="configAM" finished-at="2024-08-10T12:57:53 IST" duration-ms="17791" status="PASS">
          <reporter-output>
          </reporter-output>
        </test-method> <!-- configAM -->
        <test-method is-config="true" signature="configAC()[pri:0, instance:com.comcast.crm.OrgTest.CreateOrganizatonTest@496bc455]" started-at="2024-08-10T12:57:53 IST" name="configAC" finished-at="2024-08-10T12:58:07 IST" duration-ms="14196" status="PASS">
          <reporter-output>
          </reporter-output>
        </test-method> <!-- configAC -->
        <test-method is-config="true" signature="configAS()[pri:0, instance:com.comcast.crm.OrgTest.CreateOrganizatonTest@496bc455]" started-at="2024-08-10T12:58:07 IST" name="configAS" finished-at="2024-08-10T12:58:28 IST" duration-ms="20805" status="PASS">
          <reporter-output>
          </reporter-output>
        </test-method> <!-- configAS -->
      </class> <!-- com.comcast.crm.OrgTest.CreateOrganizatonTest -->
    </test> <!-- Default test -->
  </suite> <!-- Default suite -->
</testng-results>
